Pig Stack Trace
---------------
ERROR 1200: <line 1, column 50>  mismatched input ';' expecting RIGHT_PAREN

Failed to parse: <line 1, column 50>  mismatched input ';' expecting RIGHT_PAREN
	at org.apache.pig.parser.QueryParserDriver.parse(QueryParserDriver.java:235)
	at org.apache.pig.parser.QueryParserDriver.parse(QueryParserDriver.java:177)
	at org.apache.pig.PigServer$Graph.validateQuery(PigServer.java:1572)
	at org.apache.pig.PigServer$Graph.registerQuery(PigServer.java:1545)
	at org.apache.pig.PigServer.registerQuery(PigServer.java:518)
	at org.apache.pig.tools.grunt.GruntParser.processPig(GruntParser.java:991)
	at org.apache.pig.tools.pigscript.parser.PigScriptParser.parse(PigScriptParser.java:412)
	at org.apache.pig.tools.grunt.GruntParser.loadScript(GruntParser.java:531)
	at org.apache.pig.tools.grunt.GruntParser.processScript(GruntParser.java:474)
	at org.apache.pig.tools.pigscript.parser.PigScriptParser.Script(PigScriptParser.java:804)
	at org.apache.pig.tools.pigscript.parser.PigScriptParser.parse(PigScriptParser.java:449)
	at org.apache.pig.tools.grunt.GruntParser.parseStopOnError(GruntParser.java:194)
	at org.apache.pig.tools.grunt.GruntParser.parseStopOnError(GruntParser.java:170)
	at org.apache.pig.tools.grunt.Grunt.run(Grunt.java:69)
	at org.apache.pig.Main.run(Main.java:538)
	at org.apache.pig.Main.main(Main.java:157)
	at sun.reflect.NativeMethodAccessorImpl.invoke0(Native Method)
	at sun.reflect.NativeMethodAccessorImpl.invoke(NativeMethodAccessorImpl.java:39)
	at sun.reflect.DelegatingMethodAccessorImpl.invoke(DelegatingMethodAccessorImpl.java:25)
	at java.lang.reflect.Method.invoke(Method.java:597)
	at org.apache.hadoop.util.RunJar.main(RunJar.java:208)
================================================================================
Pig Stack Trace
---------------
ERROR 1003: Unable to find an operator for alias p

org.apache.pig.impl.logicalLayer.FrontendException: ERROR 1003: Unable to find an operator for alias p
	at org.apache.pig.PigServer$Graph.buildPlan(PigServer.java:1440)
	at org.apache.pig.PigServer.storeEx(PigServer.java:928)
	at org.apache.pig.PigServer.store(PigServer.java:900)
	at org.apache.pig.PigServer.openIterator(PigServer.java:813)
	at org.apache.pig.tools.grunt.GruntParser.processDump(GruntParser.java:696)
	at org.apache.pig.tools.pigscript.parser.PigScriptParser.parse(PigScriptParser.java:320)
	at org.apache.pig.tools.grunt.GruntParser.parseStopOnError(GruntParser.java:194)
	at org.apache.pig.tools.grunt.GruntParser.parseStopOnError(GruntParser.java:170)
	at org.apache.pig.tools.grunt.Grunt.run(Grunt.java:69)
	at org.apache.pig.Main.run(Main.java:538)
	at org.apache.pig.Main.main(Main.java:157)
	at sun.reflect.NativeMethodAccessorImpl.invoke0(Native Method)
	at sun.reflect.NativeMethodAccessorImpl.invoke(NativeMethodAccessorImpl.java:39)
	at sun.reflect.DelegatingMethodAccessorImpl.invoke(DelegatingMethodAccessorImpl.java:25)
	at java.lang.reflect.Method.invoke(Method.java:597)
	at org.apache.hadoop.util.RunJar.main(RunJar.java:208)
================================================================================
