Pig Stack Trace
---------------
ERROR 1000: Error during parsing. Encountered " "" "x = outputstore1 incomeorder.pig\n; "" at line 1, column 13.
Was expecting one of:
    "cat" ...
    "clear" ...
    "cd" ...
    "cp" ...
    "copyFromLocal" ...
    "copyToLocal" ...
    "dump" ...
    "describe" ...
    "aliases" ...
    "explain" ...
    "help" ...
    "history" ...
    "kill" ...
    "ls" ...
    "mv" ...
    "mkdir" ...
    "pwd" ...
    "quit" ...
    "register" ...
    "using" ...
    "as" ...
    "rm" ...
    "set" ...
    "run" ...
    "exec" ...
    "scriptDone" ...
    <IDENTIFIER> ...
    <PATH> ...
    

org.apache.pig.tools.pigscript.parser.ParseException: Encountered " "" "x = outputstore1 incomeorder.pig\n; "" at line 1, column 13.
Was expecting one of:
    "cat" ...
    "clear" ...
    "cd" ...
    "cp" ...
    "copyFromLocal" ...
    "copyToLocal" ...
    "dump" ...
    "describe" ...
    "aliases" ...
    "explain" ...
    "help" ...
    "history" ...
    "kill" ...
    "ls" ...
    "mv" ...
    "mkdir" ...
    "pwd" ...
    "quit" ...
    "register" ...
    "using" ...
    "as" ...
    "rm" ...
    "set" ...
    "run" ...
    "exec" ...
    "scriptDone" ...
    <IDENTIFIER> ...
    <PATH> ...
    
	at org.apache.pig.tools.pigscript.parser.PigScriptParser.generateParseException(PigScriptParser.java:1180)
	at org.apache.pig.tools.pigscript.parser.PigScriptParser.jj_consume_token(PigScriptParser.java:1109)
	at org.apache.pig.tools.pigscript.parser.PigScriptParser.GetPath(PigScriptParser.java:846)
	at org.apache.pig.tools.pigscript.parser.PigScriptParser.Script(PigScriptParser.java:754)
	at org.apache.pig.tools.pigscript.parser.PigScriptParser.parse(PigScriptParser.java:449)
	at org.apache.pig.tools.grunt.GruntParser.parseStopOnError(GruntParser.java:194)
	at org.apache.pig.tools.grunt.GruntParser.parseStopOnError(GruntParser.java:170)
	at org.apache.pig.tools.grunt.Grunt.run(Grunt.java:69)
	at org.apache.pig.Main.run(Main.java:538)
	at org.apache.pig.Main.main(Main.java:157)
	at sun.reflect.NativeMethodAccessorImpl.invoke0(Native Method)
	at sun.reflect.NativeMethodAccessorImpl.invoke(NativeMethodAccessorImpl.java:39)
	at sun.reflect.DelegatingMethodAccessorImpl.invoke(DelegatingMethodAccessorImpl.java:25)
	at java.lang.reflect.Method.invoke(Method.java:597)
	at org.apache.hadoop.util.RunJar.main(RunJar.java:208)
================================================================================
Pig Stack Trace
---------------
ERROR 1000: Error during parsing. Encountered " "-param" "-param "" at line 1, column 9.
Was expecting one of:
    <EOF> 
    "cat" ...
    "clear" ...
    "fs" ...
    "sh" ...
    "cd" ...
    "cp" ...
    "copyFromLocal" ...
    "copyToLocal" ...
    "dump" ...
    "describe" ...
    "aliases" ...
    "explain" ...
    "help" ...
    "history" ...
    "kill" ...
    "ls" ...
    "mv" ...
    "mkdir" ...
    "pwd" ...
    "quit" ...
    "register" ...
    "using" ...
    "as" ...
    "rm" ...
    "rmf" ...
    "set" ...
    "illustrate" ...
    "run" ...
    "exec" ...
    "scriptDone" ...
    "" ...
    "" ...
    <EOL> ...
    ";" ...
    <IDENTIFIER> ...
    <PATH> ...
    <QUOTEDSTRING> ...
    

org.apache.pig.tools.pigscript.parser.ParseException: Encountered " "-param" "-param "" at line 1, column 9.
Was expecting one of:
    <EOF> 
    "cat" ...
    "clear" ...
    "fs" ...
    "sh" ...
    "cd" ...
    "cp" ...
    "copyFromLocal" ...
    "copyToLocal" ...
    "dump" ...
    "describe" ...
    "aliases" ...
    "explain" ...
    "help" ...
    "history" ...
    "kill" ...
    "ls" ...
    "mv" ...
    "mkdir" ...
    "pwd" ...
    "quit" ...
    "register" ...
    "using" ...
    "as" ...
    "rm" ...
    "rmf" ...
    "set" ...
    "illustrate" ...
    "run" ...
    "exec" ...
    "scriptDone" ...
    "" ...
    "" ...
    <EOL> ...
    ";" ...
    <IDENTIFIER> ...
    <PATH> ...
    <QUOTEDSTRING> ...
    
	at org.apache.pig.tools.pigscript.parser.PigScriptParser.generateParseException(PigScriptParser.java:1180)
	at org.apache.pig.tools.pigscript.parser.PigScriptParser.handle_invalid_command(PigScriptParser.java:996)
	at org.apache.pig.tools.pigscript.parser.PigScriptParser.parse(PigScriptParser.java:557)
	at org.apache.pig.tools.grunt.GruntParser.parseStopOnError(GruntParser.java:194)
	at org.apache.pig.tools.grunt.GruntParser.parseStopOnError(GruntParser.java:170)
	at org.apache.pig.tools.grunt.Grunt.run(Grunt.java:69)
	at org.apache.pig.Main.run(Main.java:538)
	at org.apache.pig.Main.main(Main.java:157)
	at sun.reflect.NativeMethodAccessorImpl.invoke0(Native Method)
	at sun.reflect.NativeMethodAccessorImpl.invoke(NativeMethodAccessorImpl.java:39)
	at sun.reflect.DelegatingMethodAccessorImpl.invoke(DelegatingMethodAccessorImpl.java:25)
	at java.lang.reflect.Method.invoke(Method.java:597)
	at org.apache.hadoop.util.RunJar.main(RunJar.java:208)
================================================================================
Pig Stack Trace
---------------
ERROR 1000: Error during parsing. Encountered " "-param" "-param "" at line 1, column 9.
Was expecting one of:
    <EOF> 
    "cat" ...
    "clear" ...
    "fs" ...
    "sh" ...
    "cd" ...
    "cp" ...
    "copyFromLocal" ...
    "copyToLocal" ...
    "dump" ...
    "describe" ...
    "aliases" ...
    "explain" ...
    "help" ...
    "history" ...
    "kill" ...
    "ls" ...
    "mv" ...
    "mkdir" ...
    "pwd" ...
    "quit" ...
    "register" ...
    "using" ...
    "as" ...
    "rm" ...
    "rmf" ...
    "set" ...
    "illustrate" ...
    "run" ...
    "exec" ...
    "scriptDone" ...
    "" ...
    "" ...
    <EOL> ...
    ";" ...
    <IDENTIFIER> ...
    <PATH> ...
    <QUOTEDSTRING> ...
    

org.apache.pig.tools.pigscript.parser.ParseException: Encountered " "-param" "-param "" at line 1, column 9.
Was expecting one of:
    <EOF> 
    "cat" ...
    "clear" ...
    "fs" ...
    "sh" ...
    "cd" ...
    "cp" ...
    "copyFromLocal" ...
    "copyToLocal" ...
    "dump" ...
    "describe" ...
    "aliases" ...
    "explain" ...
    "help" ...
    "history" ...
    "kill" ...
    "ls" ...
    "mv" ...
    "mkdir" ...
    "pwd" ...
    "quit" ...
    "register" ...
    "using" ...
    "as" ...
    "rm" ...
    "rmf" ...
    "set" ...
    "illustrate" ...
    "run" ...
    "exec" ...
    "scriptDone" ...
    "" ...
    "" ...
    <EOL> ...
    ";" ...
    <IDENTIFIER> ...
    <PATH> ...
    <QUOTEDSTRING> ...
    
	at org.apache.pig.tools.pigscript.parser.PigScriptParser.generateParseException(PigScriptParser.java:1180)
	at org.apache.pig.tools.pigscript.parser.PigScriptParser.handle_invalid_command(PigScriptParser.java:996)
	at org.apache.pig.tools.pigscript.parser.PigScriptParser.parse(PigScriptParser.java:557)
	at org.apache.pig.tools.grunt.GruntParser.parseStopOnError(GruntParser.java:194)
	at org.apache.pig.tools.grunt.GruntParser.parseStopOnError(GruntParser.java:170)
	at org.apache.pig.tools.grunt.Grunt.run(Grunt.java:69)
	at org.apache.pig.Main.run(Main.java:538)
	at org.apache.pig.Main.main(Main.java:157)
	at sun.reflect.NativeMethodAccessorImpl.invoke0(Native Method)
	at sun.reflect.NativeMethodAccessorImpl.invoke(NativeMethodAccessorImpl.java:39)
	at sun.reflect.DelegatingMethodAccessorImpl.invoke(DelegatingMethodAccessorImpl.java:25)
	at java.lang.reflect.Method.invoke(Method.java:597)
	at org.apache.hadoop.util.RunJar.main(RunJar.java:208)
================================================================================
